The system is: Linux - 6.1.0-9-amd64 - x86_64
Compiling the C compiler identification source file "CMakeCCompilerId.c" succeeded.
Compiler: /usr/bin/cc 
Build flags: ;-ffunction-sections;-fdata-sections;-fPIC;-m64
Id flags:  

The output was:
0


Compilation of the C compiler identification source "CMakeCCompilerId.c" produced "a.out"

The C compiler identification is GNU, found in "/home/kyogre/Code/Personal/Projects/ray-tracer/target/debug/build/expat-sys-6b3122079dca83eb/out/build/CMakeFiles/3.25.1/CompilerIdC/a.out"

Compiling the CXX compiler identification source file "CMakeCXXCompilerId.cpp" succeeded.
Compiler: /usr/bin/c++ 
Build flags: ;-ffunction-sections;-fdata-sections;-fPIC;-m64
Id flags:  

The output was:
0


Compilation of the CXX compiler identification source "CMakeCXXCompilerId.cpp" produced "a.out"

The CXX compiler identification is GNU, found in "/home/kyogre/Code/Personal/Projects/ray-tracer/target/debug/build/expat-sys-6b3122079dca83eb/out/build/CMakeFiles/3.25.1/CompilerIdCXX/a.out"

Detecting C compiler ABI info compiled with the following output:
Change Dir: /home/kyogre/Code/Personal/Projects/ray-tracer/target/debug/build/expat-sys-6b3122079dca83eb/out/build/CMakeFiles/CMakeScratch/TryCompile-DoC1UR

Run Build Command(s):/usr/bin/gmake -f Makefile cmTC_81371/fast && /usr/bin/gmake  -f CMakeFiles/cmTC_81371.dir/build.make CMakeFiles/cmTC_81371.dir/build
gmake[1]: Entering directory '/home/kyogre/Code/Personal/Projects/ray-tracer/target/debug/build/expat-sys-6b3122079dca83eb/out/build/CMakeFiles/CMakeScratch/TryCompile-DoC1UR'
Building C object CMakeFiles/cmTC_81371.dir/CMakeCCompilerABI.c.o
/usr/bin/cc   -ffunction-sections -fdata-sections -fPIC -m64    -v -o CMakeFiles/cmTC_81371.dir/CMakeCCompilerABI.c.o -c /usr/share/cmake-3.25/Modules/CMakeCCompilerABI.c
Using built-in specs.
COLLECT_GCC=/usr/bin/cc
OFFLOAD_TARGET_NAMES=nvptx-none:amdgcn-amdhsa
OFFLOAD_TARGET_DEFAULT=1
Target: x86_64-linux-gnu
Configured with: ../src/configure -v --with-pkgversion='Debian 12.2.0-14' --with-bugurl=file:///usr/share/doc/gcc-12/README.Bugs --enable-languages=c,ada,c++,go,d,fortran,objc,obj-c++,m2 --prefix=/usr --with-gcc-major-version-only --program-suffix=-12 --program-prefix=x86_64-linux-gnu- --enable-shared --enable-linker-build-id --libexecdir=/usr/lib --without-included-gettext --enable-threads=posix --libdir=/usr/lib --enable-nls --enable-clocale=gnu --enable-libstdcxx-debug --enable-libstdcxx-time=yes --with-default-libstdcxx-abi=new --enable-gnu-unique-object --disable-vtable-verify --enable-plugin --enable-default-pie --with-system-zlib --enable-libphobos-checking=release --with-target-system-zlib=auto --enable-objc-gc=auto --enable-multiarch --disable-werror --enable-cet --with-arch-32=i686 --with-abi=m64 --with-multilib-list=m32,m64,mx32 --enable-multilib --with-tune=generic --enable-offload-targets=nvptx-none=/build/gcc-12-bTRWOB/gcc-12-12.2.0/debian/tmp-nvptx/usr,amdgcn-amdhsa=/build/gcc-12-bTRWOB/gcc-12-12.2.0/debian/tmp-gcn/usr --enable-offload-defaulted --without-cuda-driver --enable-checking=release --build=x86_64-linux-gnu --host=x86_64-linux-gnu --target=x86_64-linux-gnu
Thread model: posix
Supported LTO compression algorithms: zlib zstd
gcc version 12.2.0 (Debian 12.2.0-14) 
COLLECT_GCC_OPTIONS='-ffunction-sections' '-fdata-sections' '-fPIC' '-m64' '-v' '-o' 'CMakeFiles/cmTC_81371.dir/CMakeCCompilerABI.c.o' '-c' '-mtune=generic' '-march=x86-64' '-dumpdir' 'CMakeFiles/cmTC_81371.dir/'
 /usr/lib/gcc/x86_64-linux-gnu/12/cc1 -quiet -v -imultiarch x86_64-linux-gnu /usr/share/cmake-3.25/Modules/CMakeCCompilerABI.c -quiet -dumpdir CMakeFiles/cmTC_81371.dir/ -dumpbase CMakeCCompilerABI.c.c -dumpbase-ext .c -m64 -mtune=generic -march=x86-64 -version -ffunction-sections -fdata-sections -fPIC -fasynchronous-unwind-tables -o /tmp/cczffxqB.s
GNU C17 (Debian 12.2.0-14) version 12.2.0 (x86_64-linux-gnu)
	compiled by GNU C version 12.2.0, GMP version 6.2.1, MPFR version 4.1.1-p1, MPC version 1.3.1, isl version isl-0.25-GMP

warning: MPFR header version 4.1.1-p1 differs from library version 4.2.0.
GGC heuristics: --param ggc-min-expand=100 --param ggc-min-heapsize=131072
ignoring nonexistent directory "/usr/local/include/x86_64-linux-gnu"
ignoring nonexistent directory "/usr/lib/gcc/x86_64-linux-gnu/12/include-fixed"
ignoring nonexistent directory "/usr/lib/gcc/x86_64-linux-gnu/12/../../../../x86_64-linux-gnu/include"
#include "..." search starts here:
#include <...> search starts here:
 /usr/lib/gcc/x86_64-linux-gnu/12/include
 /usr/local/include
 /usr/include/x86_64-linux-gnu
 /usr/include
End of search list.
GNU C17 (Debian 12.2.0-14) version 12.2.0 (x86_64-linux-gnu)
	compiled by GNU C version 12.2.0, GMP version 6.2.1, MPFR version 4.1.1-p1, MPC version 1.3.1, isl version isl-0.25-GMP

warning: MPFR header version 4.1.1-p1 differs from library version 4.2.0.
GGC heuristics: --param ggc-min-expand=100 --param ggc-min-heapsize=131072
Compiler executable checksum: cc72d2b9b5048fedc2be9051c917b40b
COLLECT_GCC_OPTIONS='-ffunction-sections' '-fdata-sections' '-fPIC' '-m64' '-v' '-o' 'CMakeFiles/cmTC_81371.dir/CMakeCCompilerABI.c.o' '-c' '-mtune=generic' '-march=x86-64' '-dumpdir' 'CMakeFiles/cmTC_81371.dir/'
 as -v --64 -o CMakeFiles/cmTC_81371.dir/CMakeCCompilerABI.c.o /tmp/cczffxqB.s
GNU assembler version 2.40 (x86_64-linux-gnu) using BFD version (GNU Binutils for Debian) 2.40
COMPILER_PATH=/usr/lib/gcc/x86_64-linux-gnu/12/:/usr/lib/gcc/x86_64-linux-gnu/12/:/usr/lib/gcc/x86_64-linux-gnu/:/usr/lib/gcc/x86_64-linux-gnu/12/:/usr/lib/gcc/x86_64-linux-gnu/
LIBRARY_PATH=/usr/lib/gcc/x86_64-linux-gnu/12/:/usr/lib/gcc/x86_64-linux-gnu/12/../../../x86_64-linux-gnu/:/usr/lib/gcc/x86_64-linux-gnu/12/../../../../lib/:/lib/x86_64-linux-gnu/:/lib/../lib/:/usr/lib/x86_64-linux-gnu/:/usr/lib/../lib/:/usr/lib/gcc/x86_64-linux-gnu/12/../../../:/lib/:/usr/lib/
COLLECT_GCC_OPTIONS='-ffunction-sections' '-fdata-sections' '-fPIC' '-m64' '-v' '-o' 'CMakeFiles/cmTC_81371.dir/CMakeCCompilerABI.c.o' '-c' '-mtune=generic' '-march=x86-64' '-dumpdir' 'CMakeFiles/cmTC_81371.dir/CMakeCCompilerABI.c.'
Linking C executable cmTC_81371
/usr/bin/cmake -E cmake_link_script CMakeFiles/cmTC_81371.dir/link.txt --verbose=1
/usr/bin/cc  -ffunction-sections -fdata-sections -fPIC -m64   -v -rdynamic CMakeFiles/cmTC_81371.dir/CMakeCCompilerABI.c.o -o cmTC_81371 
Using built-in specs.
COLLECT_GCC=/usr/bin/cc
COLLECT_LTO_WRAPPER=/usr/lib/gcc/x86_64-linux-gnu/12/lto-wrapper
OFFLOAD_TARGET_NAMES=nvptx-none:amdgcn-amdhsa
OFFLOAD_TARGET_DEFAULT=1
Target: x86_64-linux-gnu
Configured with: ../src/configure -v --with-pkgversion='Debian 12.2.0-14' --with-bugurl=file:///usr/share/doc/gcc-12/README.Bugs --enable-languages=c,ada,c++,go,d,fortran,objc,obj-c++,m2 --prefix=/usr --with-gcc-major-version-only --program-suffix=-12 --program-prefix=x86_64-linux-gnu- --enable-shared --enable-linker-build-id --libexecdir=/usr/lib --without-included-gettext --enable-threads=posix --libdir=/usr/lib --enable-nls --enable-clocale=gnu --enable-libstdcxx-debug --enable-libstdcxx-time=yes --with-default-libstdcxx-abi=new --enable-gnu-unique-object --disable-vtable-verify --enable-plugin --enable-default-pie --with-system-zlib --enable-libphobos-checking=release --with-target-system-zlib=auto --enable-objc-gc=auto --enable-multiarch --disable-werror --enable-cet --with-arch-32=i686 --with-abi=m64 --with-multilib-list=m32,m64,mx32 --enable-multilib --with-tune=generic --enable-offload-targets=nvptx-none=/build/gcc-12-bTRWOB/gcc-12-12.2.0/debian/tmp-nvptx/usr,amdgcn-amdhsa=/build/gcc-12-bTRWOB/gcc-12-12.2.0/debian/tmp-gcn/usr --enable-offload-defaulted --without-cuda-driver --enable-checking=release --build=x86_64-linux-gnu --host=x86_64-linux-gnu --target=x86_64-linux-gnu
Thread model: posix
Supported LTO compression algorithms: zlib zstd
gcc version 12.2.0 (Debian 12.2.0-14) 
COMPILER_PATH=/usr/lib/gcc/x86_64-linux-gnu/12/:/usr/lib/gcc/x86_64-linux-gnu/12/:/usr/lib/gcc/x86_64-linux-gnu/:/usr/lib/gcc/x86_64-linux-gnu/12/:/usr/lib/gcc/x86_64-linux-gnu/
LIBRARY_PATH=/usr/lib/gcc/x86_64-linux-gnu/12/:/usr/lib/gcc/x86_64-linux-gnu/12/../../../x86_64-linux-gnu/:/usr/lib/gcc/x86_64-linux-gnu/12/../../../../lib/:/lib/x86_64-linux-gnu/:/lib/../lib/:/usr/lib/x86_64-linux-gnu/:/usr/lib/../lib/:/usr/lib/gcc/x86_64-linux-gnu/12/../../../:/lib/:/usr/lib/
COLLECT_GCC_OPTIONS='-ffunction-sections' '-fdata-sections' '-fPIC' '-m64' '-v' '-rdynamic' '-o' 'cmTC_81371' '-mtune=generic' '-march=x86-64' '-dumpdir' 'cmTC_81371.'
 /usr/lib/gcc/x86_64-linux-gnu/12/collect2 -plugin /usr/lib/gcc/x86_64-linux-gnu/12/liblto_plugin.so -plugin-opt=/usr/lib/gcc/x86_64-linux-gnu/12/lto-wrapper -plugin-opt=-fresolution=/tmp/ccEtBGFL.res -plugin-opt=-pass-through=-lgcc -plugin-opt=-pass-through=-lgcc_s -plugin-opt=-pass-through=-lc -plugin-opt=-pass-through=-lgcc -plugin-opt=-pass-through=-lgcc_s --build-id --eh-frame-hdr -m elf_x86_64 --hash-style=gnu --as-needed -export-dynamic -dynamic-linker /lib64/ld-linux-x86-64.so.2 -pie -o cmTC_81371 /usr/lib/gcc/x86_64-linux-gnu/12/../../../x86_64-linux-gnu/Scrt1.o /usr/lib/gcc/x86_64-linux-gnu/12/../../../x86_64-linux-gnu/crti.o /usr/lib/gcc/x86_64-linux-gnu/12/crtbeginS.o -L/usr/lib/gcc/x86_64-linux-gnu/12 -L/usr/lib/gcc/x86_64-linux-gnu/12/../../../x86_64-linux-gnu -L/usr/lib/gcc/x86_64-linux-gnu/12/../../../../lib -L/lib/x86_64-linux-gnu -L/lib/../lib -L/usr/lib/x86_64-linux-gnu -L/usr/lib/../lib -L/usr/lib/gcc/x86_64-linux-gnu/12/../../.. CMakeFiles/cmTC_81371.dir/CMakeCCompilerABI.c.o -lgcc --push-state --as-needed -lgcc_s --pop-state -lc -lgcc --push-state --as-needed -lgcc_s --pop-state /usr/lib/gcc/x86_64-linux-gnu/12/crtendS.o /usr/lib/gcc/x86_64-linux-gnu/12/../../../x86_64-linux-gnu/crtn.o
COLLECT_GCC_OPTIONS='-ffunction-sections' '-fdata-sections' '-fPIC' '-m64' '-v' '-rdynamic' '-o' 'cmTC_81371' '-mtune=generic' '-march=x86-64' '-dumpdir' 'cmTC_81371.'
gmake[1]: Leaving directory '/home/kyogre/Code/Personal/Projects/ray-tracer/target/debug/build/expat-sys-6b3122079dca83eb/out/build/CMakeFiles/CMakeScratch/TryCompile-DoC1UR'



Parsed C implicit include dir info from above output: rv=done
  found start of include info
  found start of implicit include info
    add: [/usr/lib/gcc/x86_64-linux-gnu/12/include]
    add: [/usr/local/include]
    add: [/usr/include/x86_64-linux-gnu]
    add: [/usr/include]
  end of search list found
  collapse include dir [/usr/lib/gcc/x86_64-linux-gnu/12/include] ==> [/usr/lib/gcc/x86_64-linux-gnu/12/include]
  collapse include dir [/usr/local/include] ==> [/usr/local/include]
  collapse include dir [/usr/include/x86_64-linux-gnu] ==> [/usr/include/x86_64-linux-gnu]
  collapse include dir [/usr/include] ==> [/usr/include]
  implicit include dirs: [/usr/lib/gcc/x86_64-linux-gnu/12/include;/usr/local/include;/usr/include/x86_64-linux-gnu;/usr/include]


Parsed C implicit link information from above output:
  link line regex: [^( *|.*[/\])(ld|CMAKE_LINK_STARTFILE-NOTFOUND|([^/\]+-)?ld|collect2)[^/\]*( |$)]
  ignore line: [Change Dir: /home/kyogre/Code/Personal/Projects/ray-tracer/target/debug/build/expat-sys-6b3122079dca83eb/out/build/CMakeFiles/CMakeScratch/TryCompile-DoC1UR]
  ignore line: []
  ignore line: [Run Build Command(s):/usr/bin/gmake -f Makefile cmTC_81371/fast && /usr/bin/gmake  -f CMakeFiles/cmTC_81371.dir/build.make CMakeFiles/cmTC_81371.dir/build]
  ignore line: [gmake[1]: Entering directory '/home/kyogre/Code/Personal/Projects/ray-tracer/target/debug/build/expat-sys-6b3122079dca83eb/out/build/CMakeFiles/CMakeScratch/TryCompile-DoC1UR']
  ignore line: [Building C object CMakeFiles/cmTC_81371.dir/CMakeCCompilerABI.c.o]
  ignore line: [/usr/bin/cc   -ffunction-sections -fdata-sections -fPIC -m64    -v -o CMakeFiles/cmTC_81371.dir/CMakeCCompilerABI.c.o -c /usr/share/cmake-3.25/Modules/CMakeCCompilerABI.c]
  ignore line: [Using built-in specs.]
  ignore line: [COLLECT_GCC=/usr/bin/cc]
  ignore line: [OFFLOAD_TARGET_NAMES=nvptx-none:amdgcn-amdhsa]
  ignore line: [OFFLOAD_TARGET_DEFAULT=1]
  ignore line: [Target: x86_64-linux-gnu]
  ignore line: [Configured with: ../src/configure -v --with-pkgversion='Debian 12.2.0-14' --with-bugurl=file:///usr/share/doc/gcc-12/README.Bugs --enable-languages=c ada c++ go d fortran objc obj-c++ m2 --prefix=/usr --with-gcc-major-version-only --program-suffix=-12 --program-prefix=x86_64-linux-gnu- --enable-shared --enable-linker-build-id --libexecdir=/usr/lib --without-included-gettext --enable-threads=posix --libdir=/usr/lib --enable-nls --enable-clocale=gnu --enable-libstdcxx-debug --enable-libstdcxx-time=yes --with-default-libstdcxx-abi=new --enable-gnu-unique-object --disable-vtable-verify --enable-plugin --enable-default-pie --with-system-zlib --enable-libphobos-checking=release --with-target-system-zlib=auto --enable-objc-gc=auto --enable-multiarch --disable-werror --enable-cet --with-arch-32=i686 --with-abi=m64 --with-multilib-list=m32 m64 mx32 --enable-multilib --with-tune=generic --enable-offload-targets=nvptx-none=/build/gcc-12-bTRWOB/gcc-12-12.2.0/debian/tmp-nvptx/usr amdgcn-amdhsa=/build/gcc-12-bTRWOB/gcc-12-12.2.0/debian/tmp-gcn/usr --enable-offload-defaulted --without-cuda-driver --enable-checking=release --build=x86_64-linux-gnu --host=x86_64-linux-gnu --target=x86_64-linux-gnu]
  ignore line: [Thread model: posix]
  ignore line: [Supported LTO compression algorithms: zlib zstd]
  ignore line: [gcc version 12.2.0 (Debian 12.2.0-14) ]
  ignore line: [COLLECT_GCC_OPTIONS='-ffunction-sections' '-fdata-sections' '-fPIC' '-m64' '-v' '-o' 'CMakeFiles/cmTC_81371.dir/CMakeCCompilerABI.c.o' '-c' '-mtune=generic' '-march=x86-64' '-dumpdir' 'CMakeFiles/cmTC_81371.dir/']
  ignore line: [ /usr/lib/gcc/x86_64-linux-gnu/12/cc1 -quiet -v -imultiarch x86_64-linux-gnu /usr/share/cmake-3.25/Modules/CMakeCCompilerABI.c -quiet -dumpdir CMakeFiles/cmTC_81371.dir/ -dumpbase CMakeCCompilerABI.c.c -dumpbase-ext .c -m64 -mtune=generic -march=x86-64 -version -ffunction-sections -fdata-sections -fPIC -fasynchronous-unwind-tables -o /tmp/cczffxqB.s]
  ignore line: [GNU C17 (Debian 12.2.0-14) version 12.2.0 (x86_64-linux-gnu)]
  ignore line: [	compiled by GNU C version 12.2.0  GMP version 6.2.1  MPFR version 4.1.1-p1  MPC version 1.3.1  isl version isl-0.25-GMP]
  ignore line: []
  ignore line: [warning: MPFR header version 4.1.1-p1 differs from library version 4.2.0.]
  ignore line: [GGC heuristics: --param ggc-min-expand=100 --param ggc-min-heapsize=131072]
  ignore line: [ignoring nonexistent directory "/usr/local/include/x86_64-linux-gnu"]
  ignore line: [ignoring nonexistent directory "/usr/lib/gcc/x86_64-linux-gnu/12/include-fixed"]
  ignore line: [ignoring nonexistent directory "/usr/lib/gcc/x86_64-linux-gnu/12/../../../../x86_64-linux-gnu/include"]
  ignore line: [#include "..." search starts here:]
  ignore line: [#include <...> search starts here:]
  ignore line: [ /usr/lib/gcc/x86_64-linux-gnu/12/include]
  ignore line: [ /usr/local/include]
  ignore line: [ /usr/include/x86_64-linux-gnu]
  ignore line: [ /usr/include]
  ignore line: [End of search list.]
  ignore line: [GNU C17 (Debian 12.2.0-14) version 12.2.0 (x86_64-linux-gnu)]
  ignore line: [	compiled by GNU C version 12.2.0  GMP version 6.2.1  MPFR version 4.1.1-p1  MPC version 1.3.1  isl version isl-0.25-GMP]
  ignore line: []
  ignore line: [warning: MPFR header version 4.1.1-p1 differs from library version 4.2.0.]
  ignore line: [GGC heuristics: --param ggc-min-expand=100 --param ggc-min-heapsize=131072]
  ignore line: [Compiler executable checksum: cc72d2b9b5048fedc2be9051c917b40b]
  ignore line: [COLLECT_GCC_OPTIONS='-ffunction-sections' '-fdata-sections' '-fPIC' '-m64' '-v' '-o' 'CMakeFiles/cmTC_81371.dir/CMakeCCompilerABI.c.o' '-c' '-mtune=generic' '-march=x86-64' '-dumpdir' 'CMakeFiles/cmTC_81371.dir/']
  ignore line: [ as -v --64 -o CMakeFiles/cmTC_81371.dir/CMakeCCompilerABI.c.o /tmp/cczffxqB.s]
  ignore line: [GNU assembler version 2.40 (x86_64-linux-gnu) using BFD version (GNU Binutils for Debian) 2.40]
  ignore line: [COMPILER_PATH=/usr/lib/gcc/x86_64-linux-gnu/12/:/usr/lib/gcc/x86_64-linux-gnu/12/:/usr/lib/gcc/x86_64-linux-gnu/:/usr/lib/gcc/x86_64-linux-gnu/12/:/usr/lib/gcc/x86_64-linux-gnu/]
  ignore line: [LIBRARY_PATH=/usr/lib/gcc/x86_64-linux-gnu/12/:/usr/lib/gcc/x86_64-linux-gnu/12/../../../x86_64-linux-gnu/:/usr/lib/gcc/x86_64-linux-gnu/12/../../../../lib/:/lib/x86_64-linux-gnu/:/lib/../lib/:/usr/lib/x86_64-linux-gnu/:/usr/lib/../lib/:/usr/lib/gcc/x86_64-linux-gnu/12/../../../:/lib/:/usr/lib/]
  ignore line: [COLLECT_GCC_OPTIONS='-ffunction-sections' '-fdata-sections' '-fPIC' '-m64' '-v' '-o' 'CMakeFiles/cmTC_81371.dir/CMakeCCompilerABI.c.o' '-c' '-mtune=generic' '-march=x86-64' '-dumpdir' 'CMakeFiles/cmTC_81371.dir/CMakeCCompilerABI.c.']
  ignore line: [Linking C executable cmTC_81371]
  ignore line: [/usr/bin/cmake -E cmake_link_script CMakeFiles/cmTC_81371.dir/link.txt --verbose=1]
  ignore line: [/usr/bin/cc  -ffunction-sections -fdata-sections -fPIC -m64   -v -rdynamic CMakeFiles/cmTC_81371.dir/CMakeCCompilerABI.c.o -o cmTC_81371 ]
  ignore line: [Using built-in specs.]
  ignore line: [COLLECT_GCC=/usr/bin/cc]
  ignore line: [COLLECT_LTO_WRAPPER=/usr/lib/gcc/x86_64-linux-gnu/12/lto-wrapper]
  ignore line: [OFFLOAD_TARGET_NAMES=nvptx-none:amdgcn-amdhsa]
  ignore line: [OFFLOAD_TARGET_DEFAULT=1]
  ignore line: [Target: x86_64-linux-gnu]
  ignore line: [Configured with: ../src/configure -v --with-pkgversion='Debian 12.2.0-14' --with-bugurl=file:///usr/share/doc/gcc-12/README.Bugs --enable-languages=c ada c++ go d fortran objc obj-c++ m2 --prefix=/usr --with-gcc-major-version-only --program-suffix=-12 --program-prefix=x86_64-linux-gnu- --enable-shared --enable-linker-build-id --libexecdir=/usr/lib --without-included-gettext --enable-threads=posix --libdir=/usr/lib --enable-nls --enable-clocale=gnu --enable-libstdcxx-debug --enable-libstdcxx-time=yes --with-default-libstdcxx-abi=new --enable-gnu-unique-object --disable-vtable-verify --enable-plugin --enable-default-pie --with-system-zlib --enable-libphobos-checking=release --with-target-system-zlib=auto --enable-objc-gc=auto --enable-multiarch --disable-werror --enable-cet --with-arch-32=i686 --with-abi=m64 --with-multilib-list=m32 m64 mx32 --enable-multilib --with-tune=generic --enable-offload-targets=nvptx-none=/build/gcc-12-bTRWOB/gcc-12-12.2.0/debian/tmp-nvptx/usr amdgcn-amdhsa=/build/gcc-12-bTRWOB/gcc-12-12.2.0/debian/tmp-gcn/usr --enable-offload-defaulted --without-cuda-driver --enable-checking=release --build=x86_64-linux-gnu --host=x86_64-linux-gnu --target=x86_64-linux-gnu]
  ignore line: [Thread model: posix]
  ignore line: [Supported LTO compression algorithms: zlib zstd]
  ignore line: [gcc version 12.2.0 (Debian 12.2.0-14) ]
  ignore line: [COMPILER_PATH=/usr/lib/gcc/x86_64-linux-gnu/12/:/usr/lib/gcc/x86_64-linux-gnu/12/:/usr/lib/gcc/x86_64-linux-gnu/:/usr/lib/gcc/x86_64-linux-gnu/12/:/usr/lib/gcc/x86_64-linux-gnu/]
  ignore line: [LIBRARY_PATH=/usr/lib/gcc/x86_64-linux-gnu/12/:/usr/lib/gcc/x86_64-linux-gnu/12/../../../x86_64-linux-gnu/:/usr/lib/gcc/x86_64-linux-gnu/12/../../../../lib/:/lib/x86_64-linux-gnu/:/lib/../lib/:/usr/lib/x86_64-linux-gnu/:/usr/lib/../lib/:/usr/lib/gcc/x86_64-linux-gnu/12/../../../:/lib/:/usr/lib/]
  ignore line: [COLLECT_GCC_OPTIONS='-ffunction-sections' '-fdata-sections' '-fPIC' '-m64' '-v' '-rdynamic' '-o' 'cmTC_81371' '-mtune=generic' '-march=x86-64' '-dumpdir' 'cmTC_81371.']
  link line: [ /usr/lib/gcc/x86_64-linux-gnu/12/collect2 -plugin /usr/lib/gcc/x86_64-linux-gnu/12/liblto_plugin.so -plugin-opt=/usr/lib/gcc/x86_64-linux-gnu/12/lto-wrapper -plugin-opt=-fresolution=/tmp/ccEtBGFL.res -plugin-opt=-pass-through=-lgcc -plugin-opt=-pass-through=-lgcc_s -plugin-opt=-pass-through=-lc -plugin-opt=-pass-through=-lgcc -plugin-opt=-pass-through=-lgcc_s --build-id --eh-frame-hdr -m elf_x86_64 --hash-style=gnu --as-needed -export-dynamic -dynamic-linker /lib64/ld-linux-x86-64.so.2 -pie -o cmTC_81371 /usr/lib/gcc/x86_64-linux-gnu/12/../../../x86_64-linux-gnu/Scrt1.o /usr/lib/gcc/x86_64-linux-gnu/12/../../../x86_64-linux-gnu/crti.o /usr/lib/gcc/x86_64-linux-gnu/12/crtbeginS.o -L/usr/lib/gcc/x86_64-linux-gnu/12 -L/usr/lib/gcc/x86_64-linux-gnu/12/../../../x86_64-linux-gnu -L/usr/lib/gcc/x86_64-linux-gnu/12/../../../../lib -L/lib/x86_64-linux-gnu -L/lib/../lib -L/usr/lib/x86_64-linux-gnu -L/usr/lib/../lib -L/usr/lib/gcc/x86_64-linux-gnu/12/../../.. CMakeFiles/cmTC_81371.dir/CMakeCCompilerABI.c.o -lgcc --push-state --as-needed -lgcc_s --pop-state -lc -lgcc --push-state --as-needed -lgcc_s --pop-state /usr/lib/gcc/x86_64-linux-gnu/12/crtendS.o /usr/lib/gcc/x86_64-linux-gnu/12/../../../x86_64-linux-gnu/crtn.o]
    arg [/usr/lib/gcc/x86_64-linux-gnu/12/collect2] ==> ignore
    arg [-plugin] ==> ignore
    arg [/usr/lib/gcc/x86_64-linux-gnu/12/liblto_plugin.so] ==> ignore
    arg [-plugin-opt=/usr/lib/gcc/x86_64-linux-gnu/12/lto-wrapper] ==> ignore
    arg [-plugin-opt=-fresolution=/tmp/ccEtBGFL.res] ==> ignore
    arg [-plugin-opt=-pass-through=-lgcc] ==> ignore
    arg [-plugin-opt=-pass-through=-lgcc_s] ==> ignore
    arg [-plugin-opt=-pass-through=-lc] ==> ignore
    arg [-plugin-opt=-pass-through=-lgcc] ==> ignore
    arg [-plugin-opt=-pass-through=-lgcc_s] ==> ignore
    arg [--build-id] ==> ignore
    arg [--eh-frame-hdr] ==> ignore
    arg [-m] ==> ignore
    arg [elf_x86_64] ==> ignore
    arg [--hash-style=gnu] ==> ignore
    arg [--as-needed] ==> ignore
    arg [-export-dynamic] ==> ignore
    arg [-dynamic-linker] ==> ignore
    arg [/lib64/ld-linux-x86-64.so.2] ==> ignore
    arg [-pie] ==> ignore
    arg [-o] ==> ignore
    arg [cmTC_81371] ==> ignore
    arg [/usr/lib/gcc/x86_64-linux-gnu/12/../../../x86_64-linux-gnu/Scrt1.o] ==> obj [/usr/lib/gcc/x86_64-linux-gnu/12/../../../x86_64-linux-gnu/Scrt1.o]
    arg [/usr/lib/gcc/x86_64-linux-gnu/12/../../../x86_64-linux-gnu/crti.o] ==> obj [/usr/lib/gcc/x86_64-linux-gnu/12/../../../x86_64-linux-gnu/crti.o]
    arg [/usr/lib/gcc/x86_64-linux-gnu/12/crtbeginS.o] ==> obj [/usr/lib/gcc/x86_64-linux-gnu/12/crtbeginS.o]
    arg [-L/usr/lib/gcc/x86_64-linux-gnu/12] ==> dir [/usr/lib/gcc/x86_64-linux-gnu/12]
    arg [-L/usr/lib/gcc/x86_64-linux-gnu/12/../../../x86_64-linux-gnu] ==> dir [/usr/lib/gcc/x86_64-linux-gnu/12/../../../x86_64-linux-gnu]
    arg [-L/usr/lib/gcc/x86_64-linux-gnu/12/../../../../lib] ==> dir [/usr/lib/gcc/x86_64-linux-gnu/12/../../../../lib]
    arg [-L/lib/x86_64-linux-gnu] ==> dir [/lib/x86_64-linux-gnu]
    arg [-L/lib/../lib] ==> dir [/lib/../lib]
    arg [-L/usr/lib/x86_64-linux-gnu] ==> dir [/usr/lib/x86_64-linux-gnu]
    arg [-L/usr/lib/../lib] ==> dir [/usr/lib/../lib]
    arg [-L/usr/lib/gcc/x86_64-linux-gnu/12/../../..] ==> dir [/usr/lib/gcc/x86_64-linux-gnu/12/../../..]
    arg [CMakeFiles/cmTC_81371.dir/CMakeCCompilerABI.c.o] ==> ignore
    arg [-lgcc] ==> lib [gcc]
    arg [--push-state] ==> ignore
    arg [--as-needed] ==> ignore
    arg [-lgcc_s] ==> lib [gcc_s]
    arg [--pop-state] ==> ignore
    arg [-lc] ==> lib [c]
    arg [-lgcc] ==> lib [gcc]
    arg [--push-state] ==> ignore
    arg [--as-needed] ==> ignore
    arg [-lgcc_s] ==> lib [gcc_s]
    arg [--pop-state] ==> ignore
    arg [/usr/lib/gcc/x86_64-linux-gnu/12/crtendS.o] ==> obj [/usr/lib/gcc/x86_64-linux-gnu/12/crtendS.o]
    arg [/usr/lib/gcc/x86_64-linux-gnu/12/../../../x86_64-linux-gnu/crtn.o] ==> obj [/usr/lib/gcc/x86_64-linux-gnu/12/../../../x86_64-linux-gnu/crtn.o]
  collapse obj [/usr/lib/gcc/x86_64-linux-gnu/12/../../../x86_64-linux-gnu/Scrt1.o] ==> [/usr/lib/x86_64-linux-gnu/Scrt1.o]
  collapse obj [/usr/lib/gcc/x86_64-linux-gnu/12/../../../x86_64-linux-gnu/crti.o] ==> [/usr/lib/x86_64-linux-gnu/crti.o]
  collapse obj [/usr/lib/gcc/x86_64-linux-gnu/12/../../../x86_64-linux-gnu/crtn.o] ==> [/usr/lib/x86_64-linux-gnu/crtn.o]
  collapse library dir [/usr/lib/gcc/x86_64-linux-gnu/12] ==> [/usr/lib/gcc/x86_64-linux-gnu/12]
  collapse library dir [/usr/lib/gcc/x86_64-linux-gnu/12/../../../x86_64-linux-gnu] ==> [/usr/lib/x86_64-linux-gnu]
  collapse library dir [/usr/lib/gcc/x86_64-linux-gnu/12/../../../../lib] ==> [/usr/lib]
  collapse library dir [/lib/x86_64-linux-gnu] ==> [/lib/x86_64-linux-gnu]
  collapse library dir [/lib/../lib] ==> [/lib]
  collapse library dir [/usr/lib/x86_64-linux-gnu] ==> [/usr/lib/x86_64-linux-gnu]
  collapse library dir [/usr/lib/../lib] ==> [/usr/lib]
  collapse library dir [/usr/lib/gcc/x86_64-linux-gnu/12/../../..] ==> [/usr/lib]
  implicit libs: [gcc;gcc_s;c;gcc;gcc_s]
  implicit objs: [/usr/lib/x86_64-linux-gnu/Scrt1.o;/usr/lib/x86_64-linux-gnu/crti.o;/usr/lib/gcc/x86_64-linux-gnu/12/crtbeginS.o;/usr/lib/gcc/x86_64-linux-gnu/12/crtendS.o;/usr/lib/x86_64-linux-gnu/crtn.o]
  implicit dirs: [/usr/lib/gcc/x86_64-linux-gnu/12;/usr/lib/x86_64-linux-gnu;/usr/lib;/lib/x86_64-linux-gnu;/lib]
  implicit fwks: []


Detecting CXX compiler ABI info compiled with the following output:
Change Dir: /home/kyogre/Code/Personal/Projects/ray-tracer/target/debug/build/expat-sys-6b3122079dca83eb/out/build/CMakeFiles/CMakeScratch/TryCompile-6G0bd6

Run Build Command(s):/usr/bin/gmake -f Makefile cmTC_134f8/fast && /usr/bin/gmake  -f CMakeFiles/cmTC_134f8.dir/build.make CMakeFiles/cmTC_134f8.dir/build
gmake[1]: Entering directory '/home/kyogre/Code/Personal/Projects/ray-tracer/target/debug/build/expat-sys-6b3122079dca83eb/out/build/CMakeFiles/CMakeScratch/TryCompile-6G0bd6'
Building CXX object CMakeFiles/cmTC_134f8.dir/CMakeCXXCompilerABI.cpp.o
/usr/bin/c++   -ffunction-sections -fdata-sections -fPIC -m64    -v -o CMakeFiles/cmTC_134f8.dir/CMakeCXXCompilerABI.cpp.o -c /usr/share/cmake-3.25/Modules/CMakeCXXCompilerABI.cpp
Using built-in specs.
COLLECT_GCC=/usr/bin/c++
OFFLOAD_TARGET_NAMES=nvptx-none:amdgcn-amdhsa
OFFLOAD_TARGET_DEFAULT=1
Target: x86_64-linux-gnu
Configured with: ../src/configure -v --with-pkgversion='Debian 12.2.0-14' --with-bugurl=file:///usr/share/doc/gcc-12/README.Bugs --enable-languages=c,ada,c++,go,d,fortran,objc,obj-c++,m2 --prefix=/usr --with-gcc-major-version-only --program-suffix=-12 --program-prefix=x86_64-linux-gnu- --enable-shared --enable-linker-build-id --libexecdir=/usr/lib --without-included-gettext --enable-threads=posix --libdir=/usr/lib --enable-nls --enable-clocale=gnu --enable-libstdcxx-debug --enable-libstdcxx-time=yes --with-default-libstdcxx-abi=new --enable-gnu-unique-object --disable-vtable-verify --enable-plugin --enable-default-pie --with-system-zlib --enable-libphobos-checking=release --with-target-system-zlib=auto --enable-objc-gc=auto --enable-multiarch --disable-werror --enable-cet --with-arch-32=i686 --with-abi=m64 --with-multilib-list=m32,m64,mx32 --enable-multilib --with-tune=generic --enable-offload-targets=nvptx-none=/build/gcc-12-bTRWOB/gcc-12-12.2.0/debian/tmp-nvptx/usr,amdgcn-amdhsa=/build/gcc-12-bTRWOB/gcc-12-12.2.0/debian/tmp-gcn/usr --enable-offload-defaulted --without-cuda-driver --enable-checking=release --build=x86_64-linux-gnu --host=x86_64-linux-gnu --target=x86_64-linux-gnu
Thread model: posix
Supported LTO compression algorithms: zlib zstd
gcc version 12.2.0 (Debian 12.2.0-14) 
COLLECT_GCC_OPTIONS='-ffunction-sections' '-fdata-sections' '-fPIC' '-m64' '-v' '-o' 'CMakeFiles/cmTC_134f8.dir/CMakeCXXCompilerABI.cpp.o' '-c' '-shared-libgcc' '-mtune=generic' '-march=x86-64' '-dumpdir' 'CMakeFiles/cmTC_134f8.dir/'
 /usr/lib/gcc/x86_64-linux-gnu/12/cc1plus -quiet -v -imultiarch x86_64-linux-gnu -D_GNU_SOURCE /usr/share/cmake-3.25/Modules/CMakeCXXCompilerABI.cpp -quiet -dumpdir CMakeFiles/cmTC_134f8.dir/ -dumpbase CMakeCXXCompilerABI.cpp.cpp -dumpbase-ext .cpp -m64 -mtune=generic -march=x86-64 -version -ffunction-sections -fdata-sections -fPIC -fasynchronous-unwind-tables -o /tmp/ccybshKh.s
GNU C++17 (Debian 12.2.0-14) version 12.2.0 (x86_64-linux-gnu)
	compiled by GNU C version 12.2.0, GMP version 6.2.1, MPFR version 4.1.1-p1, MPC version 1.3.1, isl version isl-0.25-GMP

warning: MPFR header version 4.1.1-p1 differs from library version 4.2.0.
GGC heuristics: --param ggc-min-expand=100 --param ggc-min-heapsize=131072
ignoring duplicate directory "/usr/include/x86_64-linux-gnu/c++/12"
ignoring nonexistent directory "/usr/local/include/x86_64-linux-gnu"
ignoring nonexistent directory "/usr/lib/gcc/x86_64-linux-gnu/12/include-fixed"
ignoring nonexistent directory "/usr/lib/gcc/x86_64-linux-gnu/12/../../../../x86_64-linux-gnu/include"
#include "..." search starts here:
#include <...> search starts here:
 /usr/include/c++/12
 /usr/include/x86_64-linux-gnu/c++/12
 /usr/include/c++/12/backward
 /usr/lib/gcc/x86_64-linux-gnu/12/include
 /usr/local/include
 /usr/include/x86_64-linux-gnu
 /usr/include
End of search list.
GNU C++17 (Debian 12.2.0-14) version 12.2.0 (x86_64-linux-gnu)
	compiled by GNU C version 12.2.0, GMP version 6.2.1, MPFR version 4.1.1-p1, MPC version 1.3.1, isl version isl-0.25-GMP

warning: MPFR header version 4.1.1-p1 differs from library version 4.2.0.
GGC heuristics: --param ggc-min-expand=100 --param ggc-min-heapsize=131072
Compiler executable checksum: 62b090dbbefa50644117a3c13d47369a
COLLECT_GCC_OPTIONS='-ffunction-sections' '-fdata-sections' '-fPIC' '-m64' '-v' '-o' 'CMakeFiles/cmTC_134f8.dir/CMakeCXXCompilerABI.cpp.o' '-c' '-shared-libgcc' '-mtune=generic' '-march=x86-64' '-dumpdir' 'CMakeFiles/cmTC_134f8.dir/'
 as -v --64 -o CMakeFiles/cmTC_134f8.dir/CMakeCXXCompilerABI.cpp.o /tmp/ccybshKh.s
GNU assembler version 2.40 (x86_64-linux-gnu) using BFD version (GNU Binutils for Debian) 2.40
COMPILER_PATH=/usr/lib/gcc/x86_64-linux-gnu/12/:/usr/lib/gcc/x86_64-linux-gnu/12/:/usr/lib/gcc/x86_64-linux-gnu/:/usr/lib/gcc/x86_64-linux-gnu/12/:/usr/lib/gcc/x86_64-linux-gnu/
LIBRARY_PATH=/usr/lib/gcc/x86_64-linux-gnu/12/:/usr/lib/gcc/x86_64-linux-gnu/12/../../../x86_64-linux-gnu/:/usr/lib/gcc/x86_64-linux-gnu/12/../../../../lib/:/lib/x86_64-linux-gnu/:/lib/../lib/:/usr/lib/x86_64-linux-gnu/:/usr/lib/../lib/:/usr/lib/gcc/x86_64-linux-gnu/12/../../../:/lib/:/usr/lib/
COLLECT_GCC_OPTIONS='-ffunction-sections' '-fdata-sections' '-fPIC' '-m64' '-v' '-o' 'CMakeFiles/cmTC_134f8.dir/CMakeCXXCompilerABI.cpp.o' '-c' '-shared-libgcc' '-mtune=generic' '-march=x86-64' '-dumpdir' 'CMakeFiles/cmTC_134f8.dir/CMakeCXXCompilerABI.cpp.'
Linking CXX executable cmTC_134f8
/usr/bin/cmake -E cmake_link_script CMakeFiles/cmTC_134f8.dir/link.txt --verbose=1
/usr/bin/c++  -ffunction-sections -fdata-sections -fPIC -m64   -v -rdynamic CMakeFiles/cmTC_134f8.dir/CMakeCXXCompilerABI.cpp.o -o cmTC_134f8 
Using built-in specs.
COLLECT_GCC=/usr/bin/c++
COLLECT_LTO_WRAPPER=/usr/lib/gcc/x86_64-linux-gnu/12/lto-wrapper
OFFLOAD_TARGET_NAMES=nvptx-none:amdgcn-amdhsa
OFFLOAD_TARGET_DEFAULT=1
Target: x86_64-linux-gnu
Configured with: ../src/configure -v --with-pkgversion='Debian 12.2.0-14' --with-bugurl=file:///usr/share/doc/gcc-12/README.Bugs --enable-languages=c,ada,c++,go,d,fortran,objc,obj-c++,m2 --prefix=/usr --with-gcc-major-version-only --program-suffix=-12 --program-prefix=x86_64-linux-gnu- --enable-shared --enable-linker-build-id --libexecdir=/usr/lib --without-included-gettext --enable-threads=posix --libdir=/usr/lib --enable-nls --enable-clocale=gnu --enable-libstdcxx-debug --enable-libstdcxx-time=yes --with-default-libstdcxx-abi=new --enable-gnu-unique-object --disable-vtable-verify --enable-plugin --enable-default-pie --with-system-zlib --enable-libphobos-checking=release --with-target-system-zlib=auto --enable-objc-gc=auto --enable-multiarch --disable-werror --enable-cet --with-arch-32=i686 --with-abi=m64 --with-multilib-list=m32,m64,mx32 --enable-multilib --with-tune=generic --enable-offload-targets=nvptx-none=/build/gcc-12-bTRWOB/gcc-12-12.2.0/debian/tmp-nvptx/usr,amdgcn-amdhsa=/build/gcc-12-bTRWOB/gcc-12-12.2.0/debian/tmp-gcn/usr --enable-offload-defaulted --without-cuda-driver --enable-checking=release --build=x86_64-linux-gnu --host=x86_64-linux-gnu --target=x86_64-linux-gnu
Thread model: posix
Supported LTO compression algorithms: zlib zstd
gcc version 12.2.0 (Debian 12.2.0-14) 
COMPILER_PATH=/usr/lib/gcc/x86_64-linux-gnu/12/:/usr/lib/gcc/x86_64-linux-gnu/12/:/usr/lib/gcc/x86_64-linux-gnu/:/usr/lib/gcc/x86_64-linux-gnu/12/:/usr/lib/gcc/x86_64-linux-gnu/
LIBRARY_PATH=/usr/lib/gcc/x86_64-linux-gnu/12/:/usr/lib/gcc/x86_64-linux-gnu/12/../../../x86_64-linux-gnu/:/usr/lib/gcc/x86_64-linux-gnu/12/../../../../lib/:/lib/x86_64-linux-gnu/:/lib/../lib/:/usr/lib/x86_64-linux-gnu/:/usr/lib/../lib/:/usr/lib/gcc/x86_64-linux-gnu/12/../../../:/lib/:/usr/lib/
COLLECT_GCC_OPTIONS='-ffunction-sections' '-fdata-sections' '-fPIC' '-m64' '-v' '-rdynamic' '-o' 'cmTC_134f8' '-shared-libgcc' '-mtune=generic' '-march=x86-64' '-dumpdir' 'cmTC_134f8.'
 /usr/lib/gcc/x86_64-linux-gnu/12/collect2 -plugin /usr/lib/gcc/x86_64-linux-gnu/12/liblto_plugin.so -plugin-opt=/usr/lib/gcc/x86_64-linux-gnu/12/lto-wrapper -plugin-opt=-fresolution=/tmp/ccXuT6Bl.res -plugin-opt=-pass-through=-lgcc_s -plugin-opt=-pass-through=-lgcc -plugin-opt=-pass-through=-lc -plugin-opt=-pass-through=-lgcc_s -plugin-opt=-pass-through=-lgcc --build-id --eh-frame-hdr -m elf_x86_64 --hash-style=gnu --as-needed -export-dynamic -dynamic-linker /lib64/ld-linux-x86-64.so.2 -pie -o cmTC_134f8 /usr/lib/gcc/x86_64-linux-gnu/12/../../../x86_64-linux-gnu/Scrt1.o /usr/lib/gcc/x86_64-linux-gnu/12/../../../x86_64-linux-gnu/crti.o /usr/lib/gcc/x86_64-linux-gnu/12/crtbeginS.o -L/usr/lib/gcc/x86_64-linux-gnu/12 -L/usr/lib/gcc/x86_64-linux-gnu/12/../../../x86_64-linux-gnu -L/usr/lib/gcc/x86_64-linux-gnu/12/../../../../lib -L/lib/x86_64-linux-gnu -L/lib/../lib -L/usr/lib/x86_64-linux-gnu -L/usr/lib/../lib -L/usr/lib/gcc/x86_64-linux-gnu/12/../../.. CMakeFiles/cmTC_134f8.dir/CMakeCXXCompilerABI.cpp.o -lstdc++ -lm -lgcc_s -lgcc -lc -lgcc_s -lgcc /usr/lib/gcc/x86_64-linux-gnu/12/crtendS.o /usr/lib/gcc/x86_64-linux-gnu/12/../../../x86_64-linux-gnu/crtn.o
COLLECT_GCC_OPTIONS='-ffunction-sections' '-fdata-sections' '-fPIC' '-m64' '-v' '-rdynamic' '-o' 'cmTC_134f8' '-shared-libgcc' '-mtune=generic' '-march=x86-64' '-dumpdir' 'cmTC_134f8.'
gmake[1]: Leaving directory '/home/kyogre/Code/Personal/Projects/ray-tracer/target/debug/build/expat-sys-6b3122079dca83eb/out/build/CMakeFiles/CMakeScratch/TryCompile-6G0bd6'



Parsed CXX implicit include dir info from above output: rv=done
  found start of include info
  found start of implicit include info
    add: [/usr/include/c++/12]
    add: [/usr/include/x86_64-linux-gnu/c++/12]
    add: [/usr/include/c++/12/backward]
    add: [/usr/lib/gcc/x86_64-linux-gnu/12/include]
    add: [/usr/local/include]
    add: [/usr/include/x86_64-linux-gnu]
    add: [/usr/include]
  end of search list found
  collapse include dir [/usr/include/c++/12] ==> [/usr/include/c++/12]
  collapse include dir [/usr/include/x86_64-linux-gnu/c++/12] ==> [/usr/include/x86_64-linux-gnu/c++/12]
  collapse include dir [/usr/include/c++/12/backward] ==> [/usr/include/c++/12/backward]
  collapse include dir [/usr/lib/gcc/x86_64-linux-gnu/12/include] ==> [/usr/lib/gcc/x86_64-linux-gnu/12/include]
  collapse include dir [/usr/local/include] ==> [/usr/local/include]
  collapse include dir [/usr/include/x86_64-linux-gnu] ==> [/usr/include/x86_64-linux-gnu]
  collapse include dir [/usr/include] ==> [/usr/include]
  implicit include dirs: [/usr/include/c++/12;/usr/include/x86_64-linux-gnu/c++/12;/usr/include/c++/12/backward;/usr/lib/gcc/x86_64-linux-gnu/12/include;/usr/local/include;/usr/include/x86_64-linux-gnu;/usr/include]


Parsed CXX implicit link information from above output:
  link line regex: [^( *|.*[/\])(ld|CMAKE_LINK_STARTFILE-NOTFOUND|([^/\]+-)?ld|collect2)[^/\]*( |$)]
  ignore line: [Change Dir: /home/kyogre/Code/Personal/Projects/ray-tracer/target/debug/build/expat-sys-6b3122079dca83eb/out/build/CMakeFiles/CMakeScratch/TryCompile-6G0bd6]
  ignore line: []
  ignore line: [Run Build Command(s):/usr/bin/gmake -f Makefile cmTC_134f8/fast && /usr/bin/gmake  -f CMakeFiles/cmTC_134f8.dir/build.make CMakeFiles/cmTC_134f8.dir/build]
  ignore line: [gmake[1]: Entering directory '/home/kyogre/Code/Personal/Projects/ray-tracer/target/debug/build/expat-sys-6b3122079dca83eb/out/build/CMakeFiles/CMakeScratch/TryCompile-6G0bd6']
  ignore line: [Building CXX object CMakeFiles/cmTC_134f8.dir/CMakeCXXCompilerABI.cpp.o]
  ignore line: [/usr/bin/c++   -ffunction-sections -fdata-sections -fPIC -m64    -v -o CMakeFiles/cmTC_134f8.dir/CMakeCXXCompilerABI.cpp.o -c /usr/share/cmake-3.25/Modules/CMakeCXXCompilerABI.cpp]
  ignore line: [Using built-in specs.]
  ignore line: [COLLECT_GCC=/usr/bin/c++]
  ignore line: [OFFLOAD_TARGET_NAMES=nvptx-none:amdgcn-amdhsa]
  ignore line: [OFFLOAD_TARGET_DEFAULT=1]
  ignore line: [Target: x86_64-linux-gnu]
  ignore line: [Configured with: ../src/configure -v --with-pkgversion='Debian 12.2.0-14' --with-bugurl=file:///usr/share/doc/gcc-12/README.Bugs --enable-languages=c ada c++ go d fortran objc obj-c++ m2 --prefix=/usr --with-gcc-major-version-only --program-suffix=-12 --program-prefix=x86_64-linux-gnu- --enable-shared --enable-linker-build-id --libexecdir=/usr/lib --without-included-gettext --enable-threads=posix --libdir=/usr/lib --enable-nls --enable-clocale=gnu --enable-libstdcxx-debug --enable-libstdcxx-time=yes --with-default-libstdcxx-abi=new --enable-gnu-unique-object --disable-vtable-verify --enable-plugin --enable-default-pie --with-system-zlib --enable-libphobos-checking=release --with-target-system-zlib=auto --enable-objc-gc=auto --enable-multiarch --disable-werror --enable-cet --with-arch-32=i686 --with-abi=m64 --with-multilib-list=m32 m64 mx32 --enable-multilib --with-tune=generic --enable-offload-targets=nvptx-none=/build/gcc-12-bTRWOB/gcc-12-12.2.0/debian/tmp-nvptx/usr amdgcn-amdhsa=/build/gcc-12-bTRWOB/gcc-12-12.2.0/debian/tmp-gcn/usr --enable-offload-defaulted --without-cuda-driver --enable-checking=release --build=x86_64-linux-gnu --host=x86_64-linux-gnu --target=x86_64-linux-gnu]
  ignore line: [Thread model: posix]
  ignore line: [Supported LTO compression algorithms: zlib zstd]
  ignore line: [gcc version 12.2.0 (Debian 12.2.0-14) ]
  ignore line: [COLLECT_GCC_OPTIONS='-ffunction-sections' '-fdata-sections' '-fPIC' '-m64' '-v' '-o' 'CMakeFiles/cmTC_134f8.dir/CMakeCXXCompilerABI.cpp.o' '-c' '-shared-libgcc' '-mtune=generic' '-march=x86-64' '-dumpdir' 'CMakeFiles/cmTC_134f8.dir/']
  ignore line: [ /usr/lib/gcc/x86_64-linux-gnu/12/cc1plus -quiet -v -imultiarch x86_64-linux-gnu -D_GNU_SOURCE /usr/share/cmake-3.25/Modules/CMakeCXXCompilerABI.cpp -quiet -dumpdir CMakeFiles/cmTC_134f8.dir/ -dumpbase CMakeCXXCompilerABI.cpp.cpp -dumpbase-ext .cpp -m64 -mtune=generic -march=x86-64 -version -ffunction-sections -fdata-sections -fPIC -fasynchronous-unwind-tables -o /tmp/ccybshKh.s]
  ignore line: [GNU C++17 (Debian 12.2.0-14) version 12.2.0 (x86_64-linux-gnu)]
  ignore line: [	compiled by GNU C version 12.2.0  GMP version 6.2.1  MPFR version 4.1.1-p1  MPC version 1.3.1  isl version isl-0.25-GMP]
  ignore line: []
  ignore line: [warning: MPFR header version 4.1.1-p1 differs from library version 4.2.0.]
  ignore line: [GGC heuristics: --param ggc-min-expand=100 --param ggc-min-heapsize=131072]
  ignore line: [ignoring duplicate directory "/usr/include/x86_64-linux-gnu/c++/12"]
  ignore line: [ignoring nonexistent directory "/usr/local/include/x86_64-linux-gnu"]
  ignore line: [ignoring nonexistent directory "/usr/lib/gcc/x86_64-linux-gnu/12/include-fixed"]
  ignore line: [ignoring nonexistent directory "/usr/lib/gcc/x86_64-linux-gnu/12/../../../../x86_64-linux-gnu/include"]
  ignore line: [#include "..." search starts here:]
  ignore line: [#include <...> search starts here:]
  ignore line: [ /usr/include/c++/12]
  ignore line: [ /usr/include/x86_64-linux-gnu/c++/12]
  ignore line: [ /usr/include/c++/12/backward]
  ignore line: [ /usr/lib/gcc/x86_64-linux-gnu/12/include]
  ignore line: [ /usr/local/include]
  ignore line: [ /usr/include/x86_64-linux-gnu]
  ignore line: [ /usr/include]
  ignore line: [End of search list.]
  ignore line: [GNU C++17 (Debian 12.2.0-14) version 12.2.0 (x86_64-linux-gnu)]
  ignore line: [	compiled by GNU C version 12.2.0  GMP version 6.2.1  MPFR version 4.1.1-p1  MPC version 1.3.1  isl version isl-0.25-GMP]
  ignore line: []
  ignore line: [warning: MPFR header version 4.1.1-p1 differs from library version 4.2.0.]
  ignore line: [GGC heuristics: --param ggc-min-expand=100 --param ggc-min-heapsize=131072]
  ignore line: [Compiler executable checksum: 62b090dbbefa50644117a3c13d47369a]
  ignore line: [COLLECT_GCC_OPTIONS='-ffunction-sections' '-fdata-sections' '-fPIC' '-m64' '-v' '-o' 'CMakeFiles/cmTC_134f8.dir/CMakeCXXCompilerABI.cpp.o' '-c' '-shared-libgcc' '-mtune=generic' '-march=x86-64' '-dumpdir' 'CMakeFiles/cmTC_134f8.dir/']
  ignore line: [ as -v --64 -o CMakeFiles/cmTC_134f8.dir/CMakeCXXCompilerABI.cpp.o /tmp/ccybshKh.s]
  ignore line: [GNU assembler version 2.40 (x86_64-linux-gnu) using BFD version (GNU Binutils for Debian) 2.40]
  ignore line: [COMPILER_PATH=/usr/lib/gcc/x86_64-linux-gnu/12/:/usr/lib/gcc/x86_64-linux-gnu/12/:/usr/lib/gcc/x86_64-linux-gnu/:/usr/lib/gcc/x86_64-linux-gnu/12/:/usr/lib/gcc/x86_64-linux-gnu/]
  ignore line: [LIBRARY_PATH=/usr/lib/gcc/x86_64-linux-gnu/12/:/usr/lib/gcc/x86_64-linux-gnu/12/../../../x86_64-linux-gnu/:/usr/lib/gcc/x86_64-linux-gnu/12/../../../../lib/:/lib/x86_64-linux-gnu/:/lib/../lib/:/usr/lib/x86_64-linux-gnu/:/usr/lib/../lib/:/usr/lib/gcc/x86_64-linux-gnu/12/../../../:/lib/:/usr/lib/]
  ignore line: [COLLECT_GCC_OPTIONS='-ffunction-sections' '-fdata-sections' '-fPIC' '-m64' '-v' '-o' 'CMakeFiles/cmTC_134f8.dir/CMakeCXXCompilerABI.cpp.o' '-c' '-shared-libgcc' '-mtune=generic' '-march=x86-64' '-dumpdir' 'CMakeFiles/cmTC_134f8.dir/CMakeCXXCompilerABI.cpp.']
  ignore line: [Linking CXX executable cmTC_134f8]
  ignore line: [/usr/bin/cmake -E cmake_link_script CMakeFiles/cmTC_134f8.dir/link.txt --verbose=1]
  ignore line: [/usr/bin/c++  -ffunction-sections -fdata-sections -fPIC -m64   -v -rdynamic CMakeFiles/cmTC_134f8.dir/CMakeCXXCompilerABI.cpp.o -o cmTC_134f8 ]
  ignore line: [Using built-in specs.]
  ignore line: [COLLECT_GCC=/usr/bin/c++]
  ignore line: [COLLECT_LTO_WRAPPER=/usr/lib/gcc/x86_64-linux-gnu/12/lto-wrapper]
  ignore line: [OFFLOAD_TARGET_NAMES=nvptx-none:amdgcn-amdhsa]
  ignore line: [OFFLOAD_TARGET_DEFAULT=1]
  ignore line: [Target: x86_64-linux-gnu]
  ignore line: [Configured with: ../src/configure -v --with-pkgversion='Debian 12.2.0-14' --with-bugurl=file:///usr/share/doc/gcc-12/README.Bugs --enable-languages=c ada c++ go d fortran objc obj-c++ m2 --prefix=/usr --with-gcc-major-version-only --program-suffix=-12 --program-prefix=x86_64-linux-gnu- --enable-shared --enable-linker-build-id --libexecdir=/usr/lib --without-included-gettext --enable-threads=posix --libdir=/usr/lib --enable-nls --enable-clocale=gnu --enable-libstdcxx-debug --enable-libstdcxx-time=yes --with-default-libstdcxx-abi=new --enable-gnu-unique-object --disable-vtable-verify --enable-plugin --enable-default-pie --with-system-zlib --enable-libphobos-checking=release --with-target-system-zlib=auto --enable-objc-gc=auto --enable-multiarch --disable-werror --enable-cet --with-arch-32=i686 --with-abi=m64 --with-multilib-list=m32 m64 mx32 --enable-multilib --with-tune=generic --enable-offload-targets=nvptx-none=/build/gcc-12-bTRWOB/gcc-12-12.2.0/debian/tmp-nvptx/usr amdgcn-amdhsa=/build/gcc-12-bTRWOB/gcc-12-12.2.0/debian/tmp-gcn/usr --enable-offload-defaulted --without-cuda-driver --enable-checking=release --build=x86_64-linux-gnu --host=x86_64-linux-gnu --target=x86_64-linux-gnu]
  ignore line: [Thread model: posix]
  ignore line: [Supported LTO compression algorithms: zlib zstd]
  ignore line: [gcc version 12.2.0 (Debian 12.2.0-14) ]
  ignore line: [COMPILER_PATH=/usr/lib/gcc/x86_64-linux-gnu/12/:/usr/lib/gcc/x86_64-linux-gnu/12/:/usr/lib/gcc/x86_64-linux-gnu/:/usr/lib/gcc/x86_64-linux-gnu/12/:/usr/lib/gcc/x86_64-linux-gnu/]
  ignore line: [LIBRARY_PATH=/usr/lib/gcc/x86_64-linux-gnu/12/:/usr/lib/gcc/x86_64-linux-gnu/12/../../../x86_64-linux-gnu/:/usr/lib/gcc/x86_64-linux-gnu/12/../../../../lib/:/lib/x86_64-linux-gnu/:/lib/../lib/:/usr/lib/x86_64-linux-gnu/:/usr/lib/../lib/:/usr/lib/gcc/x86_64-linux-gnu/12/../../../:/lib/:/usr/lib/]
  ignore line: [COLLECT_GCC_OPTIONS='-ffunction-sections' '-fdata-sections' '-fPIC' '-m64' '-v' '-rdynamic' '-o' 'cmTC_134f8' '-shared-libgcc' '-mtune=generic' '-march=x86-64' '-dumpdir' 'cmTC_134f8.']
  link line: [ /usr/lib/gcc/x86_64-linux-gnu/12/collect2 -plugin /usr/lib/gcc/x86_64-linux-gnu/12/liblto_plugin.so -plugin-opt=/usr/lib/gcc/x86_64-linux-gnu/12/lto-wrapper -plugin-opt=-fresolution=/tmp/ccXuT6Bl.res -plugin-opt=-pass-through=-lgcc_s -plugin-opt=-pass-through=-lgcc -plugin-opt=-pass-through=-lc -plugin-opt=-pass-through=-lgcc_s -plugin-opt=-pass-through=-lgcc --build-id --eh-frame-hdr -m elf_x86_64 --hash-style=gnu --as-needed -export-dynamic -dynamic-linker /lib64/ld-linux-x86-64.so.2 -pie -o cmTC_134f8 /usr/lib/gcc/x86_64-linux-gnu/12/../../../x86_64-linux-gnu/Scrt1.o /usr/lib/gcc/x86_64-linux-gnu/12/../../../x86_64-linux-gnu/crti.o /usr/lib/gcc/x86_64-linux-gnu/12/crtbeginS.o -L/usr/lib/gcc/x86_64-linux-gnu/12 -L/usr/lib/gcc/x86_64-linux-gnu/12/../../../x86_64-linux-gnu -L/usr/lib/gcc/x86_64-linux-gnu/12/../../../../lib -L/lib/x86_64-linux-gnu -L/lib/../lib -L/usr/lib/x86_64-linux-gnu -L/usr/lib/../lib -L/usr/lib/gcc/x86_64-linux-gnu/12/../../.. CMakeFiles/cmTC_134f8.dir/CMakeCXXCompilerABI.cpp.o -lstdc++ -lm -lgcc_s -lgcc -lc -lgcc_s -lgcc /usr/lib/gcc/x86_64-linux-gnu/12/crtendS.o /usr/lib/gcc/x86_64-linux-gnu/12/../../../x86_64-linux-gnu/crtn.o]
    arg [/usr/lib/gcc/x86_64-linux-gnu/12/collect2] ==> ignore
    arg [-plugin] ==> ignore
    arg [/usr/lib/gcc/x86_64-linux-gnu/12/liblto_plugin.so] ==> ignore
    arg [-plugin-opt=/usr/lib/gcc/x86_64-linux-gnu/12/lto-wrapper] ==> ignore
    arg [-plugin-opt=-fresolution=/tmp/ccXuT6Bl.res] ==> ignore
    arg [-plugin-opt=-pass-through=-lgcc_s] ==> ignore
    arg [-plugin-opt=-pass-through=-lgcc] ==> ignore
    arg [-plugin-opt=-pass-through=-lc] ==> ignore
    arg [-plugin-opt=-pass-through=-lgcc_s] ==> ignore
    arg [-plugin-opt=-pass-through=-lgcc] ==> ignore
    arg [--build-id] ==> ignore
    arg [--eh-frame-hdr] ==> ignore
    arg [-m] ==> ignore
    arg [elf_x86_64] ==> ignore
    arg [--hash-style=gnu] ==> ignore
    arg [--as-needed] ==> ignore
    arg [-export-dynamic] ==> ignore
    arg [-dynamic-linker] ==> ignore
    arg [/lib64/ld-linux-x86-64.so.2] ==> ignore
    arg [-pie] ==> ignore
    arg [-o] ==> ignore
    arg [cmTC_134f8] ==> ignore
    arg [/usr/lib/gcc/x86_64-linux-gnu/12/../../../x86_64-linux-gnu/Scrt1.o] ==> obj [/usr/lib/gcc/x86_64-linux-gnu/12/../../../x86_64-linux-gnu/Scrt1.o]
    arg [/usr/lib/gcc/x86_64-linux-gnu/12/../../../x86_64-linux-gnu/crti.o] ==> obj [/usr/lib/gcc/x86_64-linux-gnu/12/../../../x86_64-linux-gnu/crti.o]
    arg [/usr/lib/gcc/x86_64-linux-gnu/12/crtbeginS.o] ==> obj [/usr/lib/gcc/x86_64-linux-gnu/12/crtbeginS.o]
    arg [-L/usr/lib/gcc/x86_64-linux-gnu/12] ==> dir [/usr/lib/gcc/x86_64-linux-gnu/12]
    arg [-L/usr/lib/gcc/x86_64-linux-gnu/12/../../../x86_64-linux-gnu] ==> dir [/usr/lib/gcc/x86_64-linux-gnu/12/../../../x86_64-linux-gnu]
    arg [-L/usr/lib/gcc/x86_64-linux-gnu/12/../../../../lib] ==> dir [/usr/lib/gcc/x86_64-linux-gnu/12/../../../../lib]
    arg [-L/lib/x86_64-linux-gnu] ==> dir [/lib/x86_64-linux-gnu]
    arg [-L/lib/../lib] ==> dir [/lib/../lib]
    arg [-L/usr/lib/x86_64-linux-gnu] ==> dir [/usr/lib/x86_64-linux-gnu]
    arg [-L/usr/lib/../lib] ==> dir [/usr/lib/../lib]
    arg [-L/usr/lib/gcc/x86_64-linux-gnu/12/../../..] ==> dir [/usr/lib/gcc/x86_64-linux-gnu/12/../../..]
    arg [CMakeFiles/cmTC_134f8.dir/CMakeCXXCompilerABI.cpp.o] ==> ignore
    arg [-lstdc++] ==> lib [stdc++]
    arg [-lm] ==> lib [m]
    arg [-lgcc_s] ==> lib [gcc_s]
    arg [-lgcc] ==> lib [gcc]
    arg [-lc] ==> lib [c]
    arg [-lgcc_s] ==> lib [gcc_s]
    arg [-lgcc] ==> lib [gcc]
    arg [/usr/lib/gcc/x86_64-linux-gnu/12/crtendS.o] ==> obj [/usr/lib/gcc/x86_64-linux-gnu/12/crtendS.o]
    arg [/usr/lib/gcc/x86_64-linux-gnu/12/../../../x86_64-linux-gnu/crtn.o] ==> obj [/usr/lib/gcc/x86_64-linux-gnu/12/../../../x86_64-linux-gnu/crtn.o]
  collapse obj [/usr/lib/gcc/x86_64-linux-gnu/12/../../../x86_64-linux-gnu/Scrt1.o] ==> [/usr/lib/x86_64-linux-gnu/Scrt1.o]
  collapse obj [/usr/lib/gcc/x86_64-linux-gnu/12/../../../x86_64-linux-gnu/crti.o] ==> [/usr/lib/x86_64-linux-gnu/crti.o]
  collapse obj [/usr/lib/gcc/x86_64-linux-gnu/12/../../../x86_64-linux-gnu/crtn.o] ==> [/usr/lib/x86_64-linux-gnu/crtn.o]
  collapse library dir [/usr/lib/gcc/x86_64-linux-gnu/12] ==> [/usr/lib/gcc/x86_64-linux-gnu/12]
  collapse library dir [/usr/lib/gcc/x86_64-linux-gnu/12/../../../x86_64-linux-gnu] ==> [/usr/lib/x86_64-linux-gnu]
  collapse library dir [/usr/lib/gcc/x86_64-linux-gnu/12/../../../../lib] ==> [/usr/lib]
  collapse library dir [/lib/x86_64-linux-gnu] ==> [/lib/x86_64-linux-gnu]
  collapse library dir [/lib/../lib] ==> [/lib]
  collapse library dir [/usr/lib/x86_64-linux-gnu] ==> [/usr/lib/x86_64-linux-gnu]
  collapse library dir [/usr/lib/../lib] ==> [/usr/lib]
  collapse library dir [/usr/lib/gcc/x86_64-linux-gnu/12/../../..] ==> [/usr/lib]
  implicit libs: [stdc++;m;gcc_s;gcc;c;gcc_s;gcc]
  implicit objs: [/usr/lib/x86_64-linux-gnu/Scrt1.o;/usr/lib/x86_64-linux-gnu/crti.o;/usr/lib/gcc/x86_64-linux-gnu/12/crtbeginS.o;/usr/lib/gcc/x86_64-linux-gnu/12/crtendS.o;/usr/lib/x86_64-linux-gnu/crtn.o]
  implicit dirs: [/usr/lib/gcc/x86_64-linux-gnu/12;/usr/lib/x86_64-linux-gnu;/usr/lib;/lib/x86_64-linux-gnu;/lib]
  implicit fwks: []


Determining if the include file dlfcn.h exists passed with the following output:
Change Dir: /home/kyogre/Code/Personal/Projects/ray-tracer/target/debug/build/expat-sys-6b3122079dca83eb/out/build/CMakeFiles/CMakeScratch/TryCompile-C6wP6z

Run Build Command(s):/usr/bin/gmake -f Makefile cmTC_75dfd/fast && /usr/bin/gmake  -f CMakeFiles/cmTC_75dfd.dir/build.make CMakeFiles/cmTC_75dfd.dir/build
gmake[1]: Entering directory '/home/kyogre/Code/Personal/Projects/ray-tracer/target/debug/build/expat-sys-6b3122079dca83eb/out/build/CMakeFiles/CMakeScratch/TryCompile-C6wP6z'
Building C object CMakeFiles/cmTC_75dfd.dir/CheckIncludeFile.c.o
/usr/bin/cc   -ffunction-sections -fdata-sections -fPIC -m64  -o CMakeFiles/cmTC_75dfd.dir/CheckIncludeFile.c.o -c /home/kyogre/Code/Personal/Projects/ray-tracer/target/debug/build/expat-sys-6b3122079dca83eb/out/build/CMakeFiles/CMakeScratch/TryCompile-C6wP6z/CheckIncludeFile.c
Linking C executable cmTC_75dfd
/usr/bin/cmake -E cmake_link_script CMakeFiles/cmTC_75dfd.dir/link.txt --verbose=1
/usr/bin/cc  -ffunction-sections -fdata-sections -fPIC -m64  -rdynamic CMakeFiles/cmTC_75dfd.dir/CheckIncludeFile.c.o -o cmTC_75dfd 
gmake[1]: Leaving directory '/home/kyogre/Code/Personal/Projects/ray-tracer/target/debug/build/expat-sys-6b3122079dca83eb/out/build/CMakeFiles/CMakeScratch/TryCompile-C6wP6z'



Determining if the include file fcntl.h exists passed with the following output:
Change Dir: /home/kyogre/Code/Personal/Projects/ray-tracer/target/debug/build/expat-sys-6b3122079dca83eb/out/build/CMakeFiles/CMakeScratch/TryCompile-u2JvTI

Run Build Command(s):/usr/bin/gmake -f Makefile cmTC_a0c55/fast && /usr/bin/gmake  -f CMakeFiles/cmTC_a0c55.dir/build.make CMakeFiles/cmTC_a0c55.dir/build
gmake[1]: Entering directory '/home/kyogre/Code/Personal/Projects/ray-tracer/target/debug/build/expat-sys-6b3122079dca83eb/out/build/CMakeFiles/CMakeScratch/TryCompile-u2JvTI'
Building C object CMakeFiles/cmTC_a0c55.dir/CheckIncludeFile.c.o
/usr/bin/cc   -ffunction-sections -fdata-sections -fPIC -m64  -o CMakeFiles/cmTC_a0c55.dir/CheckIncludeFile.c.o -c /home/kyogre/Code/Personal/Projects/ray-tracer/target/debug/build/expat-sys-6b3122079dca83eb/out/build/CMakeFiles/CMakeScratch/TryCompile-u2JvTI/CheckIncludeFile.c
Linking C executable cmTC_a0c55
/usr/bin/cmake -E cmake_link_script CMakeFiles/cmTC_a0c55.dir/link.txt --verbose=1
/usr/bin/cc  -ffunction-sections -fdata-sections -fPIC -m64  -rdynamic CMakeFiles/cmTC_a0c55.dir/CheckIncludeFile.c.o -o cmTC_a0c55 
gmake[1]: Leaving directory '/home/kyogre/Code/Personal/Projects/ray-tracer/target/debug/build/expat-sys-6b3122079dca83eb/out/build/CMakeFiles/CMakeScratch/TryCompile-u2JvTI'



Determining if the include file inttypes.h exists passed with the following output:
Change Dir: /home/kyogre/Code/Personal/Projects/ray-tracer/target/debug/build/expat-sys-6b3122079dca83eb/out/build/CMakeFiles/CMakeScratch/TryCompile-brBcR7

Run Build Command(s):/usr/bin/gmake -f Makefile cmTC_15464/fast && /usr/bin/gmake  -f CMakeFiles/cmTC_15464.dir/build.make CMakeFiles/cmTC_15464.dir/build
gmake[1]: Entering directory '/home/kyogre/Code/Personal/Projects/ray-tracer/target/debug/build/expat-sys-6b3122079dca83eb/out/build/CMakeFiles/CMakeScratch/TryCompile-brBcR7'
Building C object CMakeFiles/cmTC_15464.dir/CheckIncludeFile.c.o
/usr/bin/cc   -ffunction-sections -fdata-sections -fPIC -m64  -o CMakeFiles/cmTC_15464.dir/CheckIncludeFile.c.o -c /home/kyogre/Code/Personal/Projects/ray-tracer/target/debug/build/expat-sys-6b3122079dca83eb/out/build/CMakeFiles/CMakeScratch/TryCompile-brBcR7/CheckIncludeFile.c
Linking C executable cmTC_15464
/usr/bin/cmake -E cmake_link_script CMakeFiles/cmTC_15464.dir/link.txt --verbose=1
/usr/bin/cc  -ffunction-sections -fdata-sections -fPIC -m64  -rdynamic CMakeFiles/cmTC_15464.dir/CheckIncludeFile.c.o -o cmTC_15464 
gmake[1]: Leaving directory '/home/kyogre/Code/Personal/Projects/ray-tracer/target/debug/build/expat-sys-6b3122079dca83eb/out/build/CMakeFiles/CMakeScratch/TryCompile-brBcR7'



Determining if the include file memory.h exists passed with the following output:
Change Dir: /home/kyogre/Code/Personal/Projects/ray-tracer/target/debug/build/expat-sys-6b3122079dca83eb/out/build/CMakeFiles/CMakeScratch/TryCompile-YrTFJl

Run Build Command(s):/usr/bin/gmake -f Makefile cmTC_7a291/fast && /usr/bin/gmake  -f CMakeFiles/cmTC_7a291.dir/build.make CMakeFiles/cmTC_7a291.dir/build
gmake[1]: Entering directory '/home/kyogre/Code/Personal/Projects/ray-tracer/target/debug/build/expat-sys-6b3122079dca83eb/out/build/CMakeFiles/CMakeScratch/TryCompile-YrTFJl'
Building C object CMakeFiles/cmTC_7a291.dir/CheckIncludeFile.c.o
/usr/bin/cc   -ffunction-sections -fdata-sections -fPIC -m64  -o CMakeFiles/cmTC_7a291.dir/CheckIncludeFile.c.o -c /home/kyogre/Code/Personal/Projects/ray-tracer/target/debug/build/expat-sys-6b3122079dca83eb/out/build/CMakeFiles/CMakeScratch/TryCompile-YrTFJl/CheckIncludeFile.c
Linking C executable cmTC_7a291
/usr/bin/cmake -E cmake_link_script CMakeFiles/cmTC_7a291.dir/link.txt --verbose=1
/usr/bin/cc  -ffunction-sections -fdata-sections -fPIC -m64  -rdynamic CMakeFiles/cmTC_7a291.dir/CheckIncludeFile.c.o -o cmTC_7a291 
gmake[1]: Leaving directory '/home/kyogre/Code/Personal/Projects/ray-tracer/target/debug/build/expat-sys-6b3122079dca83eb/out/build/CMakeFiles/CMakeScratch/TryCompile-YrTFJl'



Determining if the include file stdint.h exists passed with the following output:
Change Dir: /home/kyogre/Code/Personal/Projects/ray-tracer/target/debug/build/expat-sys-6b3122079dca83eb/out/build/CMakeFiles/CMakeScratch/TryCompile-BCzj5j

Run Build Command(s):/usr/bin/gmake -f Makefile cmTC_88f6f/fast && /usr/bin/gmake  -f CMakeFiles/cmTC_88f6f.dir/build.make CMakeFiles/cmTC_88f6f.dir/build
gmake[1]: Entering directory '/home/kyogre/Code/Personal/Projects/ray-tracer/target/debug/build/expat-sys-6b3122079dca83eb/out/build/CMakeFiles/CMakeScratch/TryCompile-BCzj5j'
Building C object CMakeFiles/cmTC_88f6f.dir/CheckIncludeFile.c.o
/usr/bin/cc   -ffunction-sections -fdata-sections -fPIC -m64  -o CMakeFiles/cmTC_88f6f.dir/CheckIncludeFile.c.o -c /home/kyogre/Code/Personal/Projects/ray-tracer/target/debug/build/expat-sys-6b3122079dca83eb/out/build/CMakeFiles/CMakeScratch/TryCompile-BCzj5j/CheckIncludeFile.c
Linking C executable cmTC_88f6f
/usr/bin/cmake -E cmake_link_script CMakeFiles/cmTC_88f6f.dir/link.txt --verbose=1
/usr/bin/cc  -ffunction-sections -fdata-sections -fPIC -m64  -rdynamic CMakeFiles/cmTC_88f6f.dir/CheckIncludeFile.c.o -o cmTC_88f6f 
gmake[1]: Leaving directory '/home/kyogre/Code/Personal/Projects/ray-tracer/target/debug/build/expat-sys-6b3122079dca83eb/out/build/CMakeFiles/CMakeScratch/TryCompile-BCzj5j'



Determining if the include file stdlib.h exists passed with the following output:
Change Dir: /home/kyogre/Code/Personal/Projects/ray-tracer/target/debug/build/expat-sys-6b3122079dca83eb/out/build/CMakeFiles/CMakeScratch/TryCompile-D4fYEA

Run Build Command(s):/usr/bin/gmake -f Makefile cmTC_51b39/fast && /usr/bin/gmake  -f CMakeFiles/cmTC_51b39.dir/build.make CMakeFiles/cmTC_51b39.dir/build
gmake[1]: Entering directory '/home/kyogre/Code/Personal/Projects/ray-tracer/target/debug/build/expat-sys-6b3122079dca83eb/out/build/CMakeFiles/CMakeScratch/TryCompile-D4fYEA'
Building C object CMakeFiles/cmTC_51b39.dir/CheckIncludeFile.c.o
/usr/bin/cc   -ffunction-sections -fdata-sections -fPIC -m64  -o CMakeFiles/cmTC_51b39.dir/CheckIncludeFile.c.o -c /home/kyogre/Code/Personal/Projects/ray-tracer/target/debug/build/expat-sys-6b3122079dca83eb/out/build/CMakeFiles/CMakeScratch/TryCompile-D4fYEA/CheckIncludeFile.c
Linking C executable cmTC_51b39
/usr/bin/cmake -E cmake_link_script CMakeFiles/cmTC_51b39.dir/link.txt --verbose=1
/usr/bin/cc  -ffunction-sections -fdata-sections -fPIC -m64  -rdynamic CMakeFiles/cmTC_51b39.dir/CheckIncludeFile.c.o -o cmTC_51b39 
gmake[1]: Leaving directory '/home/kyogre/Code/Personal/Projects/ray-tracer/target/debug/build/expat-sys-6b3122079dca83eb/out/build/CMakeFiles/CMakeScratch/TryCompile-D4fYEA'



Determining if the include file strings.h exists passed with the following output:
Change Dir: /home/kyogre/Code/Personal/Projects/ray-tracer/target/debug/build/expat-sys-6b3122079dca83eb/out/build/CMakeFiles/CMakeScratch/TryCompile-thAcPq

Run Build Command(s):/usr/bin/gmake -f Makefile cmTC_1b9e1/fast && /usr/bin/gmake  -f CMakeFiles/cmTC_1b9e1.dir/build.make CMakeFiles/cmTC_1b9e1.dir/build
gmake[1]: Entering directory '/home/kyogre/Code/Personal/Projects/ray-tracer/target/debug/build/expat-sys-6b3122079dca83eb/out/build/CMakeFiles/CMakeScratch/TryCompile-thAcPq'
Building C object CMakeFiles/cmTC_1b9e1.dir/CheckIncludeFile.c.o
/usr/bin/cc   -ffunction-sections -fdata-sections -fPIC -m64  -o CMakeFiles/cmTC_1b9e1.dir/CheckIncludeFile.c.o -c /home/kyogre/Code/Personal/Projects/ray-tracer/target/debug/build/expat-sys-6b3122079dca83eb/out/build/CMakeFiles/CMakeScratch/TryCompile-thAcPq/CheckIncludeFile.c
Linking C executable cmTC_1b9e1
/usr/bin/cmake -E cmake_link_script CMakeFiles/cmTC_1b9e1.dir/link.txt --verbose=1
/usr/bin/cc  -ffunction-sections -fdata-sections -fPIC -m64  -rdynamic CMakeFiles/cmTC_1b9e1.dir/CheckIncludeFile.c.o -o cmTC_1b9e1 
gmake[1]: Leaving directory '/home/kyogre/Code/Personal/Projects/ray-tracer/target/debug/build/expat-sys-6b3122079dca83eb/out/build/CMakeFiles/CMakeScratch/TryCompile-thAcPq'



Determining if the include file string.h exists passed with the following output:
Change Dir: /home/kyogre/Code/Personal/Projects/ray-tracer/target/debug/build/expat-sys-6b3122079dca83eb/out/build/CMakeFiles/CMakeScratch/TryCompile-iwZhTZ

Run Build Command(s):/usr/bin/gmake -f Makefile cmTC_91d1e/fast && /usr/bin/gmake  -f CMakeFiles/cmTC_91d1e.dir/build.make CMakeFiles/cmTC_91d1e.dir/build
gmake[1]: Entering directory '/home/kyogre/Code/Personal/Projects/ray-tracer/target/debug/build/expat-sys-6b3122079dca83eb/out/build/CMakeFiles/CMakeScratch/TryCompile-iwZhTZ'
Building C object CMakeFiles/cmTC_91d1e.dir/CheckIncludeFile.c.o
/usr/bin/cc   -ffunction-sections -fdata-sections -fPIC -m64  -o CMakeFiles/cmTC_91d1e.dir/CheckIncludeFile.c.o -c /home/kyogre/Code/Personal/Projects/ray-tracer/target/debug/build/expat-sys-6b3122079dca83eb/out/build/CMakeFiles/CMakeScratch/TryCompile-iwZhTZ/CheckIncludeFile.c
Linking C executable cmTC_91d1e
/usr/bin/cmake -E cmake_link_script CMakeFiles/cmTC_91d1e.dir/link.txt --verbose=1
/usr/bin/cc  -ffunction-sections -fdata-sections -fPIC -m64  -rdynamic CMakeFiles/cmTC_91d1e.dir/CheckIncludeFile.c.o -o cmTC_91d1e 
gmake[1]: Leaving directory '/home/kyogre/Code/Personal/Projects/ray-tracer/target/debug/build/expat-sys-6b3122079dca83eb/out/build/CMakeFiles/CMakeScratch/TryCompile-iwZhTZ'



Determining if the include file sys/stat.h exists passed with the following output:
Change Dir: /home/kyogre/Code/Personal/Projects/ray-tracer/target/debug/build/expat-sys-6b3122079dca83eb/out/build/CMakeFiles/CMakeScratch/TryCompile-ML5XxU

Run Build Command(s):/usr/bin/gmake -f Makefile cmTC_3d4e1/fast && /usr/bin/gmake  -f CMakeFiles/cmTC_3d4e1.dir/build.make CMakeFiles/cmTC_3d4e1.dir/build
gmake[1]: Entering directory '/home/kyogre/Code/Personal/Projects/ray-tracer/target/debug/build/expat-sys-6b3122079dca83eb/out/build/CMakeFiles/CMakeScratch/TryCompile-ML5XxU'
Building C object CMakeFiles/cmTC_3d4e1.dir/CheckIncludeFile.c.o
/usr/bin/cc   -ffunction-sections -fdata-sections -fPIC -m64  -o CMakeFiles/cmTC_3d4e1.dir/CheckIncludeFile.c.o -c /home/kyogre/Code/Personal/Projects/ray-tracer/target/debug/build/expat-sys-6b3122079dca83eb/out/build/CMakeFiles/CMakeScratch/TryCompile-ML5XxU/CheckIncludeFile.c
Linking C executable cmTC_3d4e1
/usr/bin/cmake -E cmake_link_script CMakeFiles/cmTC_3d4e1.dir/link.txt --verbose=1
/usr/bin/cc  -ffunction-sections -fdata-sections -fPIC -m64  -rdynamic CMakeFiles/cmTC_3d4e1.dir/CheckIncludeFile.c.o -o cmTC_3d4e1 
gmake[1]: Leaving directory '/home/kyogre/Code/Personal/Projects/ray-tracer/target/debug/build/expat-sys-6b3122079dca83eb/out/build/CMakeFiles/CMakeScratch/TryCompile-ML5XxU'



Determining if the include file sys/types.h exists passed with the following output:
Change Dir: /home/kyogre/Code/Personal/Projects/ray-tracer/target/debug/build/expat-sys-6b3122079dca83eb/out/build/CMakeFiles/CMakeScratch/TryCompile-wvDa21

Run Build Command(s):/usr/bin/gmake -f Makefile cmTC_84659/fast && /usr/bin/gmake  -f CMakeFiles/cmTC_84659.dir/build.make CMakeFiles/cmTC_84659.dir/build
gmake[1]: Entering directory '/home/kyogre/Code/Personal/Projects/ray-tracer/target/debug/build/expat-sys-6b3122079dca83eb/out/build/CMakeFiles/CMakeScratch/TryCompile-wvDa21'
Building C object CMakeFiles/cmTC_84659.dir/CheckIncludeFile.c.o
/usr/bin/cc   -ffunction-sections -fdata-sections -fPIC -m64  -o CMakeFiles/cmTC_84659.dir/CheckIncludeFile.c.o -c /home/kyogre/Code/Personal/Projects/ray-tracer/target/debug/build/expat-sys-6b3122079dca83eb/out/build/CMakeFiles/CMakeScratch/TryCompile-wvDa21/CheckIncludeFile.c
Linking C executable cmTC_84659
/usr/bin/cmake -E cmake_link_script CMakeFiles/cmTC_84659.dir/link.txt --verbose=1
/usr/bin/cc  -ffunction-sections -fdata-sections -fPIC -m64  -rdynamic CMakeFiles/cmTC_84659.dir/CheckIncludeFile.c.o -o cmTC_84659 
gmake[1]: Leaving directory '/home/kyogre/Code/Personal/Projects/ray-tracer/target/debug/build/expat-sys-6b3122079dca83eb/out/build/CMakeFiles/CMakeScratch/TryCompile-wvDa21'



Determining if the include file unistd.h exists passed with the following output:
Change Dir: /home/kyogre/Code/Personal/Projects/ray-tracer/target/debug/build/expat-sys-6b3122079dca83eb/out/build/CMakeFiles/CMakeScratch/TryCompile-hc9Oed

Run Build Command(s):/usr/bin/gmake -f Makefile cmTC_ce6a3/fast && /usr/bin/gmake  -f CMakeFiles/cmTC_ce6a3.dir/build.make CMakeFiles/cmTC_ce6a3.dir/build
gmake[1]: Entering directory '/home/kyogre/Code/Personal/Projects/ray-tracer/target/debug/build/expat-sys-6b3122079dca83eb/out/build/CMakeFiles/CMakeScratch/TryCompile-hc9Oed'
Building C object CMakeFiles/cmTC_ce6a3.dir/CheckIncludeFile.c.o
/usr/bin/cc   -ffunction-sections -fdata-sections -fPIC -m64  -o CMakeFiles/cmTC_ce6a3.dir/CheckIncludeFile.c.o -c /home/kyogre/Code/Personal/Projects/ray-tracer/target/debug/build/expat-sys-6b3122079dca83eb/out/build/CMakeFiles/CMakeScratch/TryCompile-hc9Oed/CheckIncludeFile.c
Linking C executable cmTC_ce6a3
/usr/bin/cmake -E cmake_link_script CMakeFiles/cmTC_ce6a3.dir/link.txt --verbose=1
/usr/bin/cc  -ffunction-sections -fdata-sections -fPIC -m64  -rdynamic CMakeFiles/cmTC_ce6a3.dir/CheckIncludeFile.c.o -o cmTC_ce6a3 
gmake[1]: Leaving directory '/home/kyogre/Code/Personal/Projects/ray-tracer/target/debug/build/expat-sys-6b3122079dca83eb/out/build/CMakeFiles/CMakeScratch/TryCompile-hc9Oed'



Determining if the function getpagesize exists passed with the following output:
Change Dir: /home/kyogre/Code/Personal/Projects/ray-tracer/target/debug/build/expat-sys-6b3122079dca83eb/out/build/CMakeFiles/CMakeScratch/TryCompile-v5ZnI3

Run Build Command(s):/usr/bin/gmake -f Makefile cmTC_a30e9/fast && /usr/bin/gmake  -f CMakeFiles/cmTC_a30e9.dir/build.make CMakeFiles/cmTC_a30e9.dir/build
gmake[1]: Entering directory '/home/kyogre/Code/Personal/Projects/ray-tracer/target/debug/build/expat-sys-6b3122079dca83eb/out/build/CMakeFiles/CMakeScratch/TryCompile-v5ZnI3'
Building C object CMakeFiles/cmTC_a30e9.dir/CheckFunctionExists.c.o
/usr/bin/cc   -ffunction-sections -fdata-sections -fPIC -m64 -DCHECK_FUNCTION_EXISTS=getpagesize -o CMakeFiles/cmTC_a30e9.dir/CheckFunctionExists.c.o -c /home/kyogre/Code/Personal/Projects/ray-tracer/target/debug/build/expat-sys-6b3122079dca83eb/out/build/CMakeFiles/CMakeScratch/TryCompile-v5ZnI3/CheckFunctionExists.c
Linking C executable cmTC_a30e9
/usr/bin/cmake -E cmake_link_script CMakeFiles/cmTC_a30e9.dir/link.txt --verbose=1
/usr/bin/cc  -ffunction-sections -fdata-sections -fPIC -m64 -DCHECK_FUNCTION_EXISTS=getpagesize -rdynamic CMakeFiles/cmTC_a30e9.dir/CheckFunctionExists.c.o -o cmTC_a30e9 
gmake[1]: Leaving directory '/home/kyogre/Code/Personal/Projects/ray-tracer/target/debug/build/expat-sys-6b3122079dca83eb/out/build/CMakeFiles/CMakeScratch/TryCompile-v5ZnI3'



Determining if the function bcopy exists passed with the following output:
Change Dir: /home/kyogre/Code/Personal/Projects/ray-tracer/target/debug/build/expat-sys-6b3122079dca83eb/out/build/CMakeFiles/CMakeScratch/TryCompile-RU8Muo

Run Build Command(s):/usr/bin/gmake -f Makefile cmTC_1f3fb/fast && /usr/bin/gmake  -f CMakeFiles/cmTC_1f3fb.dir/build.make CMakeFiles/cmTC_1f3fb.dir/build
gmake[1]: Entering directory '/home/kyogre/Code/Personal/Projects/ray-tracer/target/debug/build/expat-sys-6b3122079dca83eb/out/build/CMakeFiles/CMakeScratch/TryCompile-RU8Muo'
Building C object CMakeFiles/cmTC_1f3fb.dir/CheckFunctionExists.c.o
/usr/bin/cc   -ffunction-sections -fdata-sections -fPIC -m64 -DCHECK_FUNCTION_EXISTS=bcopy -o CMakeFiles/cmTC_1f3fb.dir/CheckFunctionExists.c.o -c /home/kyogre/Code/Personal/Projects/ray-tracer/target/debug/build/expat-sys-6b3122079dca83eb/out/build/CMakeFiles/CMakeScratch/TryCompile-RU8Muo/CheckFunctionExists.c
<command-line>: warning: conflicting types for built-in function bcopy; expected void(const void *, void *, long unsigned int) [-Wbuiltin-declaration-mismatch]
/home/kyogre/Code/Personal/Projects/ray-tracer/target/debug/build/expat-sys-6b3122079dca83eb/out/build/CMakeFiles/CMakeScratch/TryCompile-RU8Muo/CheckFunctionExists.c:7:3: note: in expansion of macro CHECK_FUNCTION_EXISTS
    7 |   CHECK_FUNCTION_EXISTS(void);
      |   ^~~~~~~~~~~~~~~~~~~~~
Linking C executable cmTC_1f3fb
/usr/bin/cmake -E cmake_link_script CMakeFiles/cmTC_1f3fb.dir/link.txt --verbose=1
/usr/bin/cc  -ffunction-sections -fdata-sections -fPIC -m64 -DCHECK_FUNCTION_EXISTS=bcopy -rdynamic CMakeFiles/cmTC_1f3fb.dir/CheckFunctionExists.c.o -o cmTC_1f3fb 
gmake[1]: Leaving directory '/home/kyogre/Code/Personal/Projects/ray-tracer/target/debug/build/expat-sys-6b3122079dca83eb/out/build/CMakeFiles/CMakeScratch/TryCompile-RU8Muo'



Determining if the memmove exist passed with the following output:
Change Dir: /home/kyogre/Code/Personal/Projects/ray-tracer/target/debug/build/expat-sys-6b3122079dca83eb/out/build/CMakeFiles/CMakeScratch/TryCompile-CuSUct

Run Build Command(s):/usr/bin/gmake -f Makefile cmTC_2e87c/fast && /usr/bin/gmake  -f CMakeFiles/cmTC_2e87c.dir/build.make CMakeFiles/cmTC_2e87c.dir/build
gmake[1]: Entering directory '/home/kyogre/Code/Personal/Projects/ray-tracer/target/debug/build/expat-sys-6b3122079dca83eb/out/build/CMakeFiles/CMakeScratch/TryCompile-CuSUct'
Building C object CMakeFiles/cmTC_2e87c.dir/CheckSymbolExists.c.o
/usr/bin/cc   -ffunction-sections -fdata-sections -fPIC -m64  -o CMakeFiles/cmTC_2e87c.dir/CheckSymbolExists.c.o -c /home/kyogre/Code/Personal/Projects/ray-tracer/target/debug/build/expat-sys-6b3122079dca83eb/out/build/CMakeFiles/CMakeScratch/TryCompile-CuSUct/CheckSymbolExists.c
Linking C executable cmTC_2e87c
/usr/bin/cmake -E cmake_link_script CMakeFiles/cmTC_2e87c.dir/link.txt --verbose=1
/usr/bin/cc  -ffunction-sections -fdata-sections -fPIC -m64  -rdynamic CMakeFiles/cmTC_2e87c.dir/CheckSymbolExists.c.o -o cmTC_2e87c 
gmake[1]: Leaving directory '/home/kyogre/Code/Personal/Projects/ray-tracer/target/debug/build/expat-sys-6b3122079dca83eb/out/build/CMakeFiles/CMakeScratch/TryCompile-CuSUct'


File CheckSymbolExists.c:
/* */
#include <string.h>

int main(int argc, char** argv)
{
  (void)argv;
#ifndef memmove
  return ((int*)(&memmove))[argc];
#else
  (void)argc;
  return 0;
#endif
}
Determining if the function mmap exists passed with the following output:
Change Dir: /home/kyogre/Code/Personal/Projects/ray-tracer/target/debug/build/expat-sys-6b3122079dca83eb/out/build/CMakeFiles/CMakeScratch/TryCompile-mBsFJZ

Run Build Command(s):/usr/bin/gmake -f Makefile cmTC_30125/fast && /usr/bin/gmake  -f CMakeFiles/cmTC_30125.dir/build.make CMakeFiles/cmTC_30125.dir/build
gmake[1]: Entering directory '/home/kyogre/Code/Personal/Projects/ray-tracer/target/debug/build/expat-sys-6b3122079dca83eb/out/build/CMakeFiles/CMakeScratch/TryCompile-mBsFJZ'
Building C object CMakeFiles/cmTC_30125.dir/CheckFunctionExists.c.o
/usr/bin/cc   -ffunction-sections -fdata-sections -fPIC -m64 -DCHECK_FUNCTION_EXISTS=mmap -o CMakeFiles/cmTC_30125.dir/CheckFunctionExists.c.o -c /home/kyogre/Code/Personal/Projects/ray-tracer/target/debug/build/expat-sys-6b3122079dca83eb/out/build/CMakeFiles/CMakeScratch/TryCompile-mBsFJZ/CheckFunctionExists.c
Linking C executable cmTC_30125
/usr/bin/cmake -E cmake_link_script CMakeFiles/cmTC_30125.dir/link.txt --verbose=1
/usr/bin/cc  -ffunction-sections -fdata-sections -fPIC -m64 -DCHECK_FUNCTION_EXISTS=mmap -rdynamic CMakeFiles/cmTC_30125.dir/CheckFunctionExists.c.o -o cmTC_30125 
gmake[1]: Leaving directory '/home/kyogre/Code/Personal/Projects/ray-tracer/target/debug/build/expat-sys-6b3122079dca83eb/out/build/CMakeFiles/CMakeScratch/TryCompile-mBsFJZ'



Determining if files stdlib.h;stdarg.h;string.h;float.h exist passed with the following output:
Change Dir: /home/kyogre/Code/Personal/Projects/ray-tracer/target/debug/build/expat-sys-6b3122079dca83eb/out/build/CMakeFiles/CMakeScratch/TryCompile-6zAQ3K

Run Build Command(s):/usr/bin/gmake -f Makefile cmTC_1a5ee/fast && /usr/bin/gmake  -f CMakeFiles/cmTC_1a5ee.dir/build.make CMakeFiles/cmTC_1a5ee.dir/build
gmake[1]: Entering directory '/home/kyogre/Code/Personal/Projects/ray-tracer/target/debug/build/expat-sys-6b3122079dca83eb/out/build/CMakeFiles/CMakeScratch/TryCompile-6zAQ3K'
Building C object CMakeFiles/cmTC_1a5ee.dir/STDC_HEADERS.c.o
/usr/bin/cc   -ffunction-sections -fdata-sections -fPIC -m64  -o CMakeFiles/cmTC_1a5ee.dir/STDC_HEADERS.c.o -c /home/kyogre/Code/Personal/Projects/ray-tracer/target/debug/build/expat-sys-6b3122079dca83eb/out/build/CMakeFiles/CMakeScratch/TryCompile-6zAQ3K/STDC_HEADERS.c
Linking C executable cmTC_1a5ee
/usr/bin/cmake -E cmake_link_script CMakeFiles/cmTC_1a5ee.dir/link.txt --verbose=1
/usr/bin/cc  -ffunction-sections -fdata-sections -fPIC -m64  -rdynamic CMakeFiles/cmTC_1a5ee.dir/STDC_HEADERS.c.o -o cmTC_1a5ee 
gmake[1]: Leaving directory '/home/kyogre/Code/Personal/Projects/ray-tracer/target/debug/build/expat-sys-6b3122079dca83eb/out/build/CMakeFiles/CMakeScratch/TryCompile-6zAQ3K'



